<?xml version="1.0" encoding="utf-8"?><testsuites name="pytest tests"><testsuite name="pytest" errors="0" failures="1" skipped="0" tests="30" time="36.945" timestamp="2026-02-05T15:19:54.734784+00:00" hostname="agent-env-7a82a546-da99-47a5-887e-ddfd3508570b"><testcase classname="backend.tests.test_iteacher_api.TestHealthCheck" name="test_api_health" time="0.639" /><testcase classname="backend.tests.test_iteacher_api.TestAuthentication" name="test_institution_login_success" time="0.683" /><testcase classname="backend.tests.test_iteacher_api.TestAuthentication" name="test_teacher_login_success" time="0.678" /><testcase classname="backend.tests.test_iteacher_api.TestAuthentication" name="test_login_invalid_credentials" time="0.634" /><testcase classname="backend.tests.test_iteacher_api.TestAuthentication" name="test_get_current_user" time="0.917" /><testcase classname="backend.tests.test_iteacher_api.TestAuthentication" name="test_register_new_user" time="0.714" /><testcase classname="backend.tests.test_iteacher_api.TestAuthentication" name="test_register_duplicate_email" time="0.426" /><testcase classname="backend.tests.test_iteacher_api.TestClassManagement" name="test_create_class_as_institution" time="1.347" /><testcase classname="backend.tests.test_iteacher_api.TestClassManagement" name="test_get_classes_as_institution" time="1.307" /><testcase classname="backend.tests.test_iteacher_api.TestClassManagement" name="test_get_classes_as_teacher" time="0.921" /><testcase classname="backend.tests.test_iteacher_api.TestClassManagement" name="test_create_class_as_teacher_forbidden" time="0.852"><failure message="assert 520 == 403&#10; +  where 520 = &lt;Response [520]&gt;.status_code">backend/tests/test_iteacher_api.py:191: in test_create_class_as_teacher_forbidden
    assert response.status_code == 403
E   assert 520 == 403
E    +  where 520 = &lt;Response [520]&gt;.status_code</failure></testcase><testcase classname="backend.tests.test_iteacher_api.TestSubjectManagement" name="test_create_subject_as_institution" time="1.114" /><testcase classname="backend.tests.test_iteacher_api.TestSubjectManagement" name="test_get_subjects_as_institution" time="1.331" /><testcase classname="backend.tests.test_iteacher_api.TestTeacherManagement" name="test_get_teachers_list" time="1.299" /><testcase classname="backend.tests.test_iteacher_api.TestMessageSystem" name="test_send_message" time="2.430" /><testcase classname="backend.tests.test_iteacher_api.TestMessageSystem" name="test_get_messages" time="0.917" /><testcase classname="backend.tests.test_iteacher_api.TestAnalytics" name="test_analytics_overview_as_institution" time="0.944" /><testcase classname="backend.tests.test_iteacher_api.TestAnalytics" name="test_analytics_overview_as_teacher" time="0.916" /><testcase classname="backend.tests.test_iteacher_api.TestAnalytics" name="test_analytics_attendance_by_class" time="1.924" /><testcase classname="backend.tests.test_iteacher_api.TestExport" name="test_export_pdf" time="1.606" /><testcase classname="backend.tests.test_iteacher_api.TestExport" name="test_export_csv" time="1.368" /><testcase classname="backend.tests.test_iteacher_api.TestExport" name="test_export_pdf_with_date_range" time="1.545" /><testcase classname="backend.tests.test_iteacher_api.TestExport" name="test_export_csv_with_date_range" time="1.716" /><testcase classname="backend.tests.test_iteacher_api.TestExport" name="test_export_pdf_invalid_class" time="1.923" /><testcase classname="backend.tests.test_iteacher_api.TestExport" name="test_export_csv_invalid_class" time="1.295" /><testcase classname="backend.tests.test_iteacher_api.TestNotifications" name="test_send_reminder_endpoint" time="2.650" /><testcase classname="backend.tests.test_iteacher_api.TestNotifications" name="test_send_reminder_invalid_schedule" time="1.332" /><testcase classname="backend.tests.test_iteacher_api.TestNotifications" name="test_notification_settings" time="1.121" /><testcase classname="backend.tests.test_iteacher_api.TestUserTypeUpdate" name="test_update_user_type_invalid_type" time="1.102" /><testcase classname="backend.tests.test_iteacher_api.TestLogout" name="test_logout" time="1.117" /></testsuite></testsuites>