<?xml version="1.0" encoding="utf-8"?><testsuites name="pytest tests"><testsuite name="pytest" errors="0" failures="0" skipped="0" tests="17" time="19.792" timestamp="2026-02-05T13:58:01.811330+00:00" hostname="agent-env-7a82a546-da99-47a5-887e-ddfd3508570b"><testcase classname="backend.tests.test_iteacher_api.TestHealthCheck" name="test_api_health" time="0.682" /><testcase classname="backend.tests.test_iteacher_api.TestAuthentication" name="test_institution_login_success" time="0.741" /><testcase classname="backend.tests.test_iteacher_api.TestAuthentication" name="test_teacher_login_success" time="0.540" /><testcase classname="backend.tests.test_iteacher_api.TestAuthentication" name="test_login_invalid_credentials" time="0.660" /><testcase classname="backend.tests.test_iteacher_api.TestAuthentication" name="test_get_current_user" time="1.204" /><testcase classname="backend.tests.test_iteacher_api.TestAuthentication" name="test_register_new_user" time="0.762" /><testcase classname="backend.tests.test_iteacher_api.TestAuthentication" name="test_register_duplicate_email" time="0.672" /><testcase classname="backend.tests.test_iteacher_api.TestClassManagement" name="test_create_class_as_institution" time="1.444" /><testcase classname="backend.tests.test_iteacher_api.TestClassManagement" name="test_get_classes_as_institution" time="1.416" /><testcase classname="backend.tests.test_iteacher_api.TestClassManagement" name="test_get_classes_as_teacher" time="1.192" /><testcase classname="backend.tests.test_iteacher_api.TestClassManagement" name="test_create_class_as_teacher_forbidden" time="1.203" /><testcase classname="backend.tests.test_iteacher_api.TestSubjectManagement" name="test_create_subject_as_institution" time="1.027" /><testcase classname="backend.tests.test_iteacher_api.TestSubjectManagement" name="test_get_subjects_as_institution" time="1.401" /><testcase classname="backend.tests.test_iteacher_api.TestTeacherManagement" name="test_get_teachers_list" time="1.057" /><testcase classname="backend.tests.test_iteacher_api.TestMessageSystem" name="test_send_message" time="2.702" /><testcase classname="backend.tests.test_iteacher_api.TestMessageSystem" name="test_get_messages" time="1.394" /><testcase classname="backend.tests.test_iteacher_api.TestLogout" name="test_logout" time="1.478" /></testsuite></testsuites>